{
  "name": "snyk:import-projects-script",
  "hostname": "2f591ef11735",
  "pid": 22,
  "level": 30,
  "orgId": "39ddc762-b1b9-41ce-ab42-defbe4575bd6",
  "pollingUrl": "https://snyk.io/api/v1/org/39ddc762-b1b9-41ce-ab42-defbe4575bd6/integrations/b87e1473-37ab-4f09-a4e3-a0139a50e81e/import/9f238390-355b-4098-8344-d958bf310fe4",
  "msg": "Kicked off import",
  "time": "2021-06-04T14:27:42.642Z",
  "v": 0
}
{
  "name": "snyk:import-projects-script",
  "hostname": "2f591ef11735",
  "pid": 22,
  "level": 30,
  "orgId": "39ddc762-b1b9-41ce-ab42-defbe4575bd6",
  "pollingUrl": "https://snyk.io/api/v1/org/39ddc762-b1b9-41ce-ab42-defbe4575bd6/integrations/b87e1473-37ab-4f09-a4e3-a0139a50e81e/import/9f238390-355b-4098-8344-d958bf310fe4",
  "msg": "Kicked off import",
  "time": "2021-06-04T14:27:42.676Z",
  "v": 0
}
