{
  "name": "snyk:import-projects-script",
  "hostname": "2f591ef11735",
  "pid": 22,
  "level": 30,
  "orgId": "39ddc762-b1b9-41ce-ab42-defbe4575bd6",
  "locationUrl": "https://snyk.io/api/v1/org/39ddc762-b1b9-41ce-ab42-defbe4575bd6/integrations/b87e1473-37ab-4f09-a4e3-a0139a50e81e/import/9f238390-355b-4098-8344-d958bf310fe4",
  "projectId": "c06fdb90-28fa-421d-b2bc-d286f7929fe1",
  "targetFile": "package.json",
  "success": true,
  "projectUrl": "https://app.snyk.io/org/ie-playground/project/c06fdb90-28fa-421d-b2bc-d286f7929fe1",
  "msg": "Imported project",
  "time": "2021-06-04T14:28:03.364Z",
  "v": 0
}
{
  "name": "snyk:import-projects-script",
  "hostname": "2f591ef11735",
  "pid": 22,
  "level": 30,
  "orgId": "39ddc762-b1b9-41ce-ab42-defbe4575bd6",
  "locationUrl": "https://snyk.io/api/v1/org/39ddc762-b1b9-41ce-ab42-defbe4575bd6/integrations/b87e1473-37ab-4f09-a4e3-a0139a50e81e/import/9f238390-355b-4098-8344-d958bf310fe4",
  "projectId": "27383066-c33f-4ada-8a78-48632f3fd477",
  "targetFile": "package.json",
  "success": true,
  "projectUrl": "https://app.snyk.io/org/ie-playground/project/27383066-c33f-4ada-8a78-48632f3fd477",
  "msg": "Imported project",
  "time": "2021-06-04T14:28:03.364Z",
  "v": 0
}
{
  "name": "snyk:import-projects-script",
  "hostname": "fv-az133-514",
  "pid": 1717,
  "level": 30,
  "orgId": "39ddc762-b1b9-41ce-ab42-defbe4575bd6",
  "locationUrl": "https://snyk.io/api/v1/org/39ddc762-b1b9-41ce-ab42-defbe4575bd6/integrations/b87e1473-37ab-4f09-a4e3-a0139a50e81e/import/9b71e546-7475-43f2-b782-fded89fed972",
  "projectId": "c06fdb90-28fa-421d-b2bc-d286f7929fe1",
  "targetFile": "package.json",
  "success": true,
  "projectUrl": "https://app.snyk.io/org/ie-playground/project/c06fdb90-28fa-421d-b2bc-d286f7929fe1",
  "msg": "Imported project",
  "time": "2021-06-04T15:15:43.646Z",
  "v": 0
}
{
  "name": "snyk:import-projects-script",
  "hostname": "fv-az133-514",
  "pid": 1717,
  "level": 30,
  "orgId": "39ddc762-b1b9-41ce-ab42-defbe4575bd6",
  "locationUrl": "https://snyk.io/api/v1/org/39ddc762-b1b9-41ce-ab42-defbe4575bd6/integrations/b87e1473-37ab-4f09-a4e3-a0139a50e81e/import/be386518-bed0-40e9-8855-973f294c1509",
  "projectId": "27383066-c33f-4ada-8a78-48632f3fd477",
  "targetFile": "package.json",
  "success": true,
  "projectUrl": "https://app.snyk.io/org/ie-playground/project/27383066-c33f-4ada-8a78-48632f3fd477",
  "msg": "Imported project",
  "time": "2021-06-04T15:15:43.648Z",
  "v": 0
}
