{
  "name": "snyk:import-projects-script",
  "hostname": "2f591ef11735",
  "pid": 22,
  "level": 30,
  "message": "Importing batch 1 - 1 out of 2 ",
  "msg": "Kicked off import",
  "time": "2021-06-04T14:27:41.902Z",
  "v": 0
}
{
  "name": "snyk:import-projects-script",
  "hostname": "fv-az118-719",
  "pid": 1812,
  "level": 30,
  "message": "Importing batch 1 - 1 out of 2 ",
  "msg": "Kicked off import",
  "time": "2021-06-04T14:53:30.809Z",
  "v": 0
}
{
  "name": "snyk:import-projects-script",
  "hostname": "fv-az90-740",
  "pid": 1722,
  "level": 30,
  "message": "Importing batch 1 - 1 out of 2 ",
  "msg": "Kicked off import",
  "time": "2021-06-04T15:03:48.695Z",
  "v": 0
}
{
  "name": "snyk:import-projects-script",
  "hostname": "fv-az163-980",
  "pid": 1749,
  "level": 30,
  "message": "Importing batch 1 - 1 out of 2 ",
  "msg": "Kicked off import",
  "time": "2021-06-04T15:07:48.279Z",
  "v": 0
}
