{
  "name": "snyk:import-projects-script",
  "hostname": "fv-az139-148",
  "pid": 1711,
  "level": 30,
  "target": {
    "name": "mqttclientdashboard-akamai-fastpurge-msod",
    "owner": "snyk-playground",
    "branch": "master"
  },
  "locationUrl": "https://snyk.io/api/v1/org/39ddc762-b1b9-41ce-ab42-defbe4575bd6/integrations/b87e1473-37ab-4f09-a4e3-a0139a50e81e/import/f035a2f4-5780-46cc-8696-5aec468ec2a7",
  "orgId": "39ddc762-b1b9-41ce-ab42-defbe4575bd6",
  "integrationId": "b87e1473-37ab-4f09-a4e3-a0139a50e81e",
  "targetId": "39ddc762-b1b9-41ce-ab42-defbe4575bd6:b87e1473-37ab-4f09-a4e3-a0139a50e81e:mqttclientdashboard-akamai-fastpurge-msod:snyk-playground:master",
  "msg": "Target requested for import",
  "time": "2021-06-04T15:26:03.254Z",
  "v": 0
}
{
  "name": "snyk:import-projects-script",
  "hostname": "fv-az139-148",
  "pid": 1711,
  "level": 30,
  "target": {
    "name": "goof",
    "owner": "snyk-playground",
    "branch": "master"
  },
  "locationUrl": "https://snyk.io/api/v1/org/39ddc762-b1b9-41ce-ab42-defbe4575bd6/integrations/b87e1473-37ab-4f09-a4e3-a0139a50e81e/import/f035a2f4-5780-46cc-8696-5aec468ec2a7",
  "orgId": "39ddc762-b1b9-41ce-ab42-defbe4575bd6",
  "integrationId": "b87e1473-37ab-4f09-a4e3-a0139a50e81e",
  "targetId": "39ddc762-b1b9-41ce-ab42-defbe4575bd6:b87e1473-37ab-4f09-a4e3-a0139a50e81e:goof:snyk-playground:master",
  "msg": "Target requested for import",
  "time": "2021-06-04T15:26:03.261Z",
  "v": 0
}
{
  "name": "snyk:import-projects-script",
  "hostname": "fv-az139-148",
  "pid": 1740,
  "level": 30,
  "target": {
    "name": "goof",
    "owner": "snyk-playground",
    "branch": "master"
  },
  "locationUrl": null,
  "orgId": "39ddc762-b1b9-41ce-ab42-defbe4575bd6",
  "integrationId": "b87e1473-37ab-4f09-a4e3-a0139a50e81e",
  "targetId": "39ddc762-b1b9-41ce-ab42-defbe4575bd6:b87e1473-37ab-4f09-a4e3-a0139a50e81e:goof:snyk-playground:master",
  "msg": "Target exists in Snyk",
  "time": "2021-06-04T15:26:24.937Z",
  "v": 0
}
{
  "name": "snyk:import-projects-script",
  "hostname": "fv-az139-148",
  "pid": 1740,
  "level": 30,
  "target": {
    "name": "mqttclientdashboard-akamai-fastpurge-msod",
    "owner": "snyk-playground",
    "branch": "master"
  },
  "locationUrl": null,
  "orgId": "39ddc762-b1b9-41ce-ab42-defbe4575bd6",
  "integrationId": "b87e1473-37ab-4f09-a4e3-a0139a50e81e",
  "targetId": "39ddc762-b1b9-41ce-ab42-defbe4575bd6:b87e1473-37ab-4f09-a4e3-a0139a50e81e:mqttclientdashboard-akamai-fastpurge-msod:snyk-playground:master",
  "msg": "Target exists in Snyk",
  "time": "2021-06-04T15:26:24.938Z",
  "v": 0
}
{
  "name": "snyk:import-projects-script",
  "hostname": "fv-az139-148",
  "pid": 1740,
  "level": 30,
  "target": {
    "name": "monorepo-simple",
    "owner": "snyk-playground",
    "branch": "master"
  },
  "locationUrl": null,
  "orgId": "39ddc762-b1b9-41ce-ab42-defbe4575bd6",
  "integrationId": "b87e1473-37ab-4f09-a4e3-a0139a50e81e",
  "targetId": "39ddc762-b1b9-41ce-ab42-defbe4575bd6:b87e1473-37ab-4f09-a4e3-a0139a50e81e:monorepo-simple:snyk-playground:master",
  "msg": "Target exists in Snyk",
  "time": "2021-06-04T15:26:24.938Z",
  "v": 0
}
